
ROM used:   75/8192 (1%)
            75/8192 (1%) including unused fragments

            0.1 Average locations per line
            10.7 Average locations per statement

RAM used:   8/368 (2%) at main() level
            9/368 (2%) worst case

Stack used: 0 worst case (0 in main + 0 for interrupts)
Stack size: 8

Lines Stmts  %   Files
----- ----- ---  -----
   34     7 100  Corrimiento de bits.c
  810     0   0  ..\..\..\..\..\..\..\..\..\..\Program Files (x86)\PICCDEMO\Devices\16F887.h
----- -----
  844     7 Total

Page ROM  %  RAM    Vol Diff  Functions:
---- --- --- ---    --- ----  ----------
0     22  29    1             @delay_ms1
0     49  65    1    167  3.5  main
 Inline         0    138  3.4  @cinit1

Program metrics:
    Functions               2
    Statements              7
    Comments                168
    Volume (V)              374
    Difficulty (D)          6.8
    Effort to implement (E) 2526
    Time to implement (T)   2 minutes
    Est Delivered Bugs (B)  0
    Cyclomatic Complexity   1
    Maintainability (MI)    173

 Segment     Used  Free
-----------  ----  ----
00000-00003     4  0  
00004-007FF    71  1973  
00800-00FFF     0  2048  
01000-017FF     0  2048  
01800-01FFF     0  2048  



