
ROM used:   71/8192 (1%)
            71/8192 (1%) including unused fragments

            0.1 Average locations per line
            8.9 Average locations per statement

RAM used:   8/368 (2%) at main() level
            9/368 (2%) worst case

Stack used: 0 worst case (0 in main + 0 for interrupts)
Stack size: 8

Lines Stmts  %   Files
----- ----- ---  -----
   46     8 100  Corrimiento de bits.c
  684     0   0  ..\..\..\..\..\Program Files\PICC\Devices\16F877A.h
----- -----
  730     8 Total

Page ROM  %  RAM    Vol Diff  Functions:
---- --- --- ---    --- ----  ----------
0     22  31    1             @delay_ms1
0      9  13    0     38  1.4  SisInit
0     36  51    1    138  3.4  MAIN
 Inline         0             @cinit1

Program metrics:
    Functions               2
    Statements              8
    Comments                145
    Volume (V)              215
    Difficulty (D)          4.4
    Effort to implement (E) 955
    Time to implement (T)   1 minutes
    Est Delivered Bugs (B)  0
    Cyclomatic Complexity   1
    Maintainability (MI)    153

 Segment     Used  Free
-----------  ----  ----
00000-00003     4  0  
00004-007FF    67  1977  
00800-00FFF     0  2048  
01000-017FF     0  2048  
01800-01FFF     0  2048  



